  GreetingsGL.cpp
C:\Users\h013967m\source\repos\EdwardJHill\FoggsSem2OpenGL\FoggsSem2OpenGL\GreetingsGL.cpp(37,23): warning C4305: 'argument': truncation from 'double' to 'GLfloat'
  main.cpp
  GLUTCallbacks.cpp
  Generating Code...
GreetingsGL.obj : error LNK2019: unresolved external symbol __imp_glutInitWindowPosition referenced in function "public: __cdecl GreetingsGL::GreetingsGL(int,char * * const)" (??0GreetingsGL@@QEAA@HQEAPEAD@Z)
GreetingsGL.obj : error LNK2019: unresolved external symbol __imp_glutInitWindowSize referenced in function "public: __cdecl GreetingsGL::GreetingsGL(int,char * * const)" (??0GreetingsGL@@QEAA@HQEAPEAD@Z)
GreetingsGL.obj : error LNK2019: unresolved external symbol __imp_glutInitDisplayMode referenced in function "public: __cdecl GreetingsGL::GreetingsGL(int,char * * const)" (??0GreetingsGL@@QEAA@HQEAPEAD@Z)
GreetingsGL.obj : error LNK2019: unresolved external symbol __imp_glutMainLoop referenced in function "public: __cdecl GreetingsGL::GreetingsGL(int,char * * const)" (??0GreetingsGL@@QEAA@HQEAPEAD@Z)
GreetingsGL.obj : error LNK2019: unresolved external symbol __imp_glutPostRedisplay referenced in function "public: void __cdecl GreetingsGL::Update(void)" (?Update@GreetingsGL@@QEAAXXZ)
GreetingsGL.obj : error LNK2019: unresolved external symbol __imp_glutSwapBuffers referenced in function "public: void __cdecl GreetingsGL::Display(void)" (?Display@GreetingsGL@@QEAAXXZ)
GreetingsGL.obj : error LNK2019: unresolved external symbol __imp_glutTimerFunc referenced in function "public: __cdecl GreetingsGL::GreetingsGL(int,char * * const)" (??0GreetingsGL@@QEAA@HQEAPEAD@Z)
GLUTCallbacks.obj : error LNK2001: unresolved external symbol __imp_glutTimerFunc
GreetingsGL.obj : error LNK2019: unresolved external symbol __imp_glutKeyboardFunc referenced in function "public: __cdecl GreetingsGL::GreetingsGL(int,char * * const)" (??0GreetingsGL@@QEAA@HQEAPEAD@Z)
GreetingsGL.obj : error LNK2019: unresolved external symbol __imp_glutDisplayFunc referenced in function "public: __cdecl GreetingsGL::GreetingsGL(int,char * * const)" (??0GreetingsGL@@QEAA@HQEAPEAD@Z)
GreetingsGL.obj : error LNK2019: unresolved external symbol __imp___glutInitWithExit referenced in function glutInit_ATEXIT_HACK
GreetingsGL.obj : error LNK2019: unresolved external symbol __imp___glutCreateWindowWithExit referenced in function glutCreateWindow_ATEXIT_HACK
GLUTCallbacks.obj : error LNK2019: unresolved external symbol __imp_glutGet referenced in function "void __cdecl GLUTCallbacks::Timer(int)" (?Timer@GLUTCallbacks@@YAXH@Z)
freeglut.lib : warning LNK4272: library machine type 'x86' conflicts with target machine type 'x64'
C:\Users\h013967m\Source\Repos\EdwardJHill\FoggsSem2OpenGL\x64\Debug\FoggsSem2OpenGL.exe : fatal error LNK1120: 12 unresolved externals
